Map : 64 64 450

................................................................
................................................................
................................................................
..................########........#########.....................
.................##########......##########.....................
................############....###########.....................
...............############################.....................
..............#############################.....................
..............#######.#############.#######.....................
..............######.....##########.#######.....................
..............#####...................#####.....................
..............#####...................#####.....................
.............######.................######......................
............#######.................#####.......................
...........########.................######......................
..........########..................######......................
.........########...................######......................
.........#######....................#######.....................
.........######.....................########....................
.........#####.......................########...................
.........#####........................########..................
.........#####.........................########.................
.........#####..........................########................
.........................................########...............
..........................................#######...............
.........=====.......####..#########.......######...............
.........#####......#####..##########.......#####...............
.........#####.....###################......######..............
.........#####....##########..#########.....########............
.........#####....##########..##########....#########...........
.........#####....######.........#######....##########..........
.........#####....######..........######.......########.........
.........######....#####...........#####........########........
.........#######...########.......######.........########.......
.........#######....#######......#######..........#######.......
..........######....#######.....########...........######.......
...........######....######.....########............#####.......
...........#######....######....#######.............#####.......
...........########...######....######..............#####.......
............#######....#####....#####...............#####.......
.............######....#####....#####...............#####.......
.............######....#####....#####...............#####.......
..............#####....#####....#####............########.......
..............#####....#####....#####............########.......
..............###......####.....###..............########.......
..............###......####.....###..............########.......
..............#####....#####....#####............########.......
..............######...#####......###..#################........
..............#######.####........###..################.........
..............############......#####..###############..........
...............#############....#####..##############...........
................############....#####..#############............
.................##########.....#####....####...................
..................########......#####....####...................
................................######.######...................
................................#############...................
................................#############...................
................................#############...................
.................................############...................
..................................###########...................
...................................#########....................
................................................................
................................................................
................................................................
0.970000 0.930000
Tour: 1
	v1: 11 22	v2: 13 22	v3: 9 22
	CRASH
	Nouvelle trajectoire : 
	1 -1 (carburant restant 448)

Tour: 2
	v1: 12 21	v2: 13 22	v3: 10 20
	Nouvelle trajectoire :  + incFuel x = 6.25.
	0 -1 (carburant restant 445)

Tour: 3
	v1: 13 19	v2: 13 22	v3: 13 16
	Nouvelle trajectoire :  + incFuel x = 8.12.
	1 -1 (carburant restant 440)

Tour: 4
	v1: 15 16	v2: 13 22	v3: 16 12
	Nouvelle trajectoire :  + incFuel x = 9.06.
	0 -1 (carburant restant 434)

Tour: 5
	v1: 17 12	v2: 13 22	v3: 23 6
	Nouvelle trajectoire :  + incFuel x = 9.53.
	0 1 (carburant restant 427)

Tour: 6
	v1: 19 9	v2: 13 22	v3: 28 6
	Nouvelle trajectoire :  + incFuel x = 9.77.
	0 1 (carburant restant 421)

Tour: 7
	v1: 21 7	v2: 13 22	v3: 33 6
	Nouvelle trajectoire :  + incFuel x = 9.88.
	1 1 (carburant restant 415)

Tour: 8
	v1: 24 6	v2: 13 22	v3: 36 8
	Nouvelle trajectoire :  + incFuel x = 9.94.
	0 1 (carburant restant 410)

Tour: 9
	v1: 27 6	v2: 13 22	v3: 38 10
	Nouvelle trajectoire :  + incFuel x = 9.97.
	1 0 (carburant restant 405)

Tour: 10
	v1: 31 6	v2: 13 22	v3: 39 12
	Nouvelle trajectoire :  + incFuel x = 9.99.
	0 1 (carburant restant 398)

Tour: 11
	v1: 35 7	v2: 13 22	v3: 40 14
	Nouvelle trajectoire :  + incFuel x = 9.99.
	-1 1 (carburant restant 390)

Tour: 12
	v1: 38 9	v2: 13 22	v3: 41 17
	Nouvelle trajectoire :  + incFuel x = 10.00.
	-1 1 (carburant restant 383)

Tour: 13
	v1: 40 12	v2: 13 22	v3: 43 21
	Nouvelle trajectoire :  + incFuel x = 10.00.
	-1 1 (carburant restant 376)

Tour: 14
	v1: 41 16	v2: 13 22	v3: 46 25
	Nouvelle trajectoire :  + incFuel x = 10.00.
	1 0 (carburant restant 369)

Tour: 15
	v1: 43 20	v2: 13 22	v3: 49 29
	Nouvelle trajectoire :  + incFuel x = 10.00.
	1 0 (carburant restant 362)

Tour: 16
	v1: 46 24	v2: 13 22	v3: 51 33
	Nouvelle trajectoire :  + incFuel x = 10.00.
	0 0 (carburant restant 355)

Tour: 17
	v1: 49 28	v2: 13 22	v3: 52 37
	Nouvelle trajectoire :  + incFuel x = 10.00.
	-1 -1 (carburant restant 346)

Tour: 18
	v1: 51 31	v2: 13 22	v3: 52 40
	Nouvelle trajectoire :  + incFuel x = 10.00.
	-1 0 (carburant restant 340)

Tour: 19
	v1: 52 34	v2: 13 22	v3: 51 42
	Nouvelle trajectoire :  + incFuel x = 10.00.
	0 0 (carburant restant 336)

Tour: 20
	v1: 53 37	v2: 13 22	v3: 50 44
	Nouvelle trajectoire :  + incFuel x = 10.00.
	-1 0 (carburant restant 331)

Tour: 21
	v1: 53 40	v2: 13 22	v3: 48 47
	Nouvelle trajectoire :  + incFuel x = 10.00.
	-1 0 (carburant restant 326)

Tour: 22
	v1: 52 43	v2: 13 22	v3: 45 51
	Nouvelle trajectoire :  + incFuel x = 10.00.
	-1 0 (carburant restant 321)

Tour: 23
	v1: 50 46	v2: 13 22	v3: 43 54
	Nouvelle trajectoire :  + incFuel x = 10.00.
	-1 0 (carburant restant 315)

Tour: 24
	v1: 47 49	v2: 13 22	v3: 40 56
	Nouvelle trajectoire :  + incFuel x = 10.00.
	0 0 (carburant restant 309)

Tour: 25
	v1: 44 52	v2: 13 22	v3: 38 57
	Nouvelle trajectoire :  + incFuel x = 10.00.
	1 -1 (carburant restant 301)

Tour: 26
	v1: 42 54	v2: 13 22	v3: 37 57
	Nouvelle trajectoire :  + incFuel x = 10.00.
	0 -1 (carburant restant 296)

Tour: 27
	v1: 40 55	v2: 13 22	v3: 37 56
	Nouvelle trajectoire :  + incFuel x = 10.00.
	0 -1 (carburant restant 292)

Tour: 28
	v1: 38 55	v2: 13 22	v3: 36 54
	Nouvelle trajectoire :  + incFuel x = 10.00.
	1 -1 (carburant restant 287)

Tour: 29
	v1: 37 54	v2: 13 22	v3: 35 51
	Nouvelle trajectoire :  + incFuel x = 10.00.
	0 0 (carburant restant 285)

Tour: 30
	v1: 36 53	v2: 13 22	v3: 34 48
	Nouvelle trajectoire :  + incFuel x = 10.00.
	0 -1 (carburant restant 282)

Tour: 31
	v1: 35 51	v2: 13 22	v3: 34 44
	Nouvelle trajectoire :  + incFuel x = 10.00.
	0 -1 (carburant restant 278)

Tour: 32
	v1: 34 48	v2: 13 22	v3: 35 41
	Nouvelle trajectoire :  + incFuel x = 10.00.
	1 0 (carburant restant 273)

Tour: 33
	v1: 34 45	v2: 13 22	v3: 35 37
	Nouvelle trajectoire :  + incFuel x = 10.00.
	1 -1 (carburant restant 267)

Tour: 34
	v1: 35 41	v2: 13 22	v3: 35 34
	Nouvelle trajectoire :  + incFuel x = 10.00.
	0 0 (carburant restant 261)

Tour: 35
	v1: 36 37	v2: 13 22	v3: 35 32
	Nouvelle trajectoire :  + incFuel x = 10.00.
	-1 0 (carburant restant 254)

Tour: 36
	v1: 36 33	v2: 13 22	v3: 34 31
	Nouvelle trajectoire :  + incFuel x = 10.00.
	-1 1 (carburant restant 246)

Tour: 37
	v1: 35 30	v2: 13 22	v3: 33 30
	Nouvelle trajectoire :  + incFuel x = 10.00.
	-1 1 (carburant restant 240)

Tour: 38
	v1: 33 28	v2: 13 22	v3: 31 28
	Nouvelle trajectoire :  + incFuel x = 10.00.
	0 1 (carburant restant 235)

Tour: 39
	v1: 31 27	v2: 13 22	v3: 29 27
	Nouvelle trajectoire :  + incFuel x = 10.00.
	0 0 (carburant restant 232)

Tour: 40
	v1: 29 26	v2: 13 22	v3: 28 27
	Nouvelle trajectoire :  + incFuel x = 10.00.
	0 1 (carburant restant 228)

Tour: 41
	v1: 27 26	v2: 13 22	v3: 26 28
	Nouvelle trajectoire :  + incFuel x = 10.00.
	0 1 (carburant restant 224)

Tour: 42
	v1: 25 27	v2: 13 22	v3: 24 29
	Nouvelle trajectoire :  + incFuel x = 10.00.
	0 1 (carburant restant 220)

Tour: 43
	v1: 23 29	v2: 13 22	v3: 23 30
	Nouvelle trajectoire :  + incFuel x = 10.00.
	1 -1 (carburant restant 214)

Tour: 44
	v1: 22 30	v2: 13 22	v3: 23 32
	Nouvelle trajectoire :  + incFuel x = 10.00.
	1 1 (carburant restant 210)

Tour: 45
	v1: 22 32	v2: 13 22	v3: 23 34
	Nouvelle trajectoire :  + incFuel x = 10.00.
	0 1 (carburant restant 206)

Tour: 46
	v1: 22 35	v2: 13 22	v3: 23 37
	Nouvelle trajectoire :  + incFuel x = 10.00.
	0 -1 (carburant restant 201)

Tour: 47
	v1: 22 37	v2: 13 22	v3: 23 40
	Nouvelle trajectoire :  + incFuel x = 10.00.
	1 0 (carburant restant 197)

Tour: 48
	v1: 23 39	v2: 13 22	v3: 23 43
	Nouvelle trajectoire :  + incFuel x = 10.00.
	0 1 (carburant restant 193)

Tour: 49
	v1: 24 42	v2: 13 22	v3: 23 46
	Nouvelle trajectoire :  + incFuel x = 10.00.
	-1 0 (carburant restant 188)

Tour: 50
	v1: 24 45	v2: 13 22	v3: 22 48
	Nouvelle trajectoire :  + incFuel x = 10.00.
	-1 1 (carburant restant 182)

Tour: 51
	v1: 23 49	v2: 13 22	v3: 20 49
	Nouvelle trajectoire :  + incFuel x = 10.00.
	1 -4 (carburant restant 159)

Tour: 52
	v1: 23 49	v2: 13 22	v3: 19 49
	Nouvelle trajectoire :  + incFuel x = 10.00.
	-1 0 (carburant restant 158)

Tour: 53
	v1: 22 49	v2: 13 22	v3: 18 48
	Nouvelle trajectoire :  + incFuel x = 10.00.
	-1 -1 (carburant restant 155)

Tour: 54
	v1: 20 48	v2: 13 22	v3: 17 46
	Nouvelle trajectoire :  + incFuel x = 10.00.
	-1 0 (carburant restant 151)

Tour: 55
	v1: 17 47	v2: 13 22	v3: 15 43
	Nouvelle trajectoire :  + incFuel x = 10.00.
	1 -1 (carburant restant 145)

Tour: 56
	v1: 15 45	v2: 13 22	v3: 14 39
	Nouvelle trajectoire :  + incFuel x = 10.00.
	1 -1 (carburant restant 139)

Tour: 57
	v1: 14 42	v2: 13 22	v3: 14 34
	Nouvelle trajectoire :  + incFuel x = 10.00.
	0 0 (carburant restant 135)

Tour: 58
	v1: 13 39	v2: 13 22	v3: 13 30
	Nouvelle trajectoire :  + incFuel x = 10.00.
	0 -1 (carburant restant 130)

Tour: 59
	v1: 12 35	v2: 13 22	v3: 13 25
	Nouvelle trajectoire :  + incFuel x = 10.00.
	1 -1 (carburant restant 122)

Tour: 60
	v1: 12 30	v2: 13 22	v3: 13 25
	Nouvelle trajectoire :  + incFuel x = 10.00.
	0 0 (carburant restant 115)
